生成启动时间为 2022/4/24 16:36:07。
     1>项目“C:\Users\lenovo\Desktop\git\Tetris\Tetris\Tetris.vcxproj”在节点 2 上(Build 个目标)。
     1>ClCompile:
         D:\Visual Studio2013\VC\bin\CL.exe /c /Zi /nologo /W3 /WX- /O2 /Oi /Oy- /GL /D WIN32 /D NDEBUG /D _WINDOWS /D _UNICODE /D UNICODE /Gm- /EHsc /MD /GS /Gy /fp:precise /Zc:wchar_t /Zc:forScope /Fo"Release\\" /Fd"Release\vc120.pdb" /Gd /TC /analyze- /errorReport:prompt "源.c"
         源.c
     1>源.c(442): warning C4996: 'fopen': This function or variable may be unsafe. Consider using fopen_s instead. To disable deprecation, use _CRT_SECURE_NO_WARNINGS. See online help for details.
                 D:\Visual Studio2013\VC\include\stdio.h(211) : 参见“fopen”的声明
     1>源.c(455): warning C4996: 'fopen': This function or variable may be unsafe. Consider using fopen_s instead. To disable deprecation, use _CRT_SECURE_NO_WARNINGS. See online help for details.
                 D:\Visual Studio2013\VC\include\stdio.h(211) : 参见“fopen”的声明
     1>源.c(468): warning C4996: 'fopen': This function or variable may be unsafe. Consider using fopen_s instead. To disable deprecation, use _CRT_SECURE_NO_WARNINGS. See online help for details.
                 D:\Visual Studio2013\VC\include\stdio.h(211) : 参见“fopen”的声明
     1>源.c(481): warning C4996: 'fopen': This function or variable may be unsafe. Consider using fopen_s instead. To disable deprecation, use _CRT_SECURE_NO_WARNINGS. See online help for details.
                 D:\Visual Studio2013\VC\include\stdio.h(211) : 参见“fopen”的声明
     1>源.c(633): warning C4244: “=”: 从“double”转换到“LONG”，可能丢失数据
     1>源.c(635): warning C4244: “=”: 从“double”转换到“LONG”，可能丢失数据
     1>源.c(646): warning C4244: “=”: 从“double”转换到“LONG”，可能丢失数据
     1>源.c(648): warning C4244: “=”: 从“double”转换到“LONG”，可能丢失数据
       ResourceCompile:
         C:\Program Files (x86)\Windows Kits\8.1\bin\x86\rc.exe /D _UNICODE /D UNICODE /l"0x0409" /nologo /fo"Release\Resource.res" Resource.rc 
       Link:
         D:\Visual Studio2013\VC\bin\link.exe /ERRORREPORT:PROMPT /OUT:"C:\Users\lenovo\Desktop\git\Tetris\Release\Tetris.exe" /INCREMENTAL:NO /NOLOGO kernel32.lib user32.lib gdi32.lib winspool.lib comdlg32.lib advapi32.lib shell32.lib ole32.lib oleaut32.lib uuid.lib odbc32.lib odbccp32.lib /MANIFEST /MANIFESTUAC:"level='asInvoker' uiAccess='false'" /manifest:embed /DEBUG /PDB:"C:\Users\lenovo\Desktop\git\Tetris\Release\Tetris.pdb" /SUBSYSTEM:WINDOWS /OPT:REF /OPT:ICF /LTCG /TLBID:1 /DYNAMICBASE /NXCOMPAT /IMPLIB:"C:\Users\lenovo\Desktop\git\Tetris\Release\Tetris.lib" /MACHINE:X86 /SAFESEH Release\Resource.res
         "Release\源.obj"
         正在生成代码
     1>c:\users\lenovo\desktop\git\tetris\tetris\源.c(1052): warning C4715: “RandBlock”: 不是所有的控件路径都返回值
         已完成代码的生成
         Tetris.vcxproj -> C:\Users\lenovo\Desktop\git\Tetris\Release\Tetris.exe
     1>已完成生成项目“C:\Users\lenovo\Desktop\git\Tetris\Tetris\Tetris.vcxproj”(Build 个目标)的操作。

生成成功。

已用时间 00:00:01.92
